<?xml version="1.0" encoding="UTF-8"?>
<!-- Generated by org.testng.reporters.JUnitReportReporter -->
<testsuite hostname="DESKTOP-UBR0902" failures="0" tests="2" name="com.dsalgo.qa.pages.Home" time="11.257" errors="0" timestamp="2022-05-17T17:38:55 CDT" skipped="0">
  <testcase classname="com.dsalgo.qa.pages.Home" name="Openpage" time="8.038"/>
  <system-out/>
  <testcase classname="com.dsalgo.qa.pages.Home" name="Openpage" time="3.219"/>
  <system-out/>
</testsuite> <!-- com.dsalgo.qa.pages.Home -->
