<?xml version="1.0" encoding="UTF-8"?>
<!-- Generated by org.testng.reporters.JUnitReportReporter -->
<testsuite hostname="DESKTOP-UBR0902" failures="0" tests="2" name="com.dsportal.qa.testcases.DataStructuresPgTest" time="8.366" errors="0" timestamp="2022-06-08T12:22:44 CDT" skipped="0">
  <testcase classname="com.dsportal.qa.testcases.DataStructuresPgTest" name="ValidationOfQueuePgTest" time="3.988"/>
  <system-out/>
  <testcase classname="com.dsportal.qa.testcases.DataStructuresPgTest" name="OpenTimeComplexityPgTest" time="4.378"/>
  <system-out/>
</testsuite> <!-- com.dsportal.qa.testcases.DataStructuresPgTest -->
