<?xml version="1.0" encoding="UTF-8"?>
<!-- Generated by org.testng.reporters.JUnitReportReporter -->
<testsuite hostname="DESKTOP-UBR0902" failures="0" tests="1" name="com.dsportal.qa.testcases.ImplimentationUsingArrayPgTest" time="4.635" errors="0" timestamp="2022-06-09T14:13:19 CDT" skipped="0">
  <testcase classname="com.dsportal.qa.testcases.ImplimentationUsingArrayPgTest" name="ImplOfQueueEditorTest" time="4.635"/>
  <system-out/>
</testsuite> <!-- com.dsportal.qa.testcases.ImplimentationUsingArrayPgTest -->
