<?xml version="1.0" encoding="UTF-8"?>
<!-- Generated by org.testng.reporters.JUnitReportReporter -->
<testsuite hostname="DESKTOP-UBR0902" failures="0" tests="1" name="com.dsportal.qa.testcases.ImplmOfBSTPgTest" time="6.289" errors="0" timestamp="2022-06-08T12:22:44 CDT" skipped="0">
  <testcase classname="com.dsportal.qa.testcases.ImplmOfBSTPgTest" name="ImplmOfBSTPgEditorTest" time="6.289"/>
  <system-out/>
</testsuite> <!-- com.dsportal.qa.testcases.ImplmOfBSTPgTest -->
