<?xml version="1.0" encoding="UTF-8"?>
<!-- Generated by org.testng.reporters.JUnitReportReporter -->
<testsuite hostname="DESKTOP-UBR0902" failures="0" tests="4" name="com.dsportalapp.testcases.SignInPageTest" time="34.178" errors="0" timestamp="2022-05-21T15:59:57 CDT" skipped="0">
  <testcase classname="com.dsportalapp.testcases.SignInPageTest" name="SignInPgValidationTest" time="7.658"/>
  <system-out/>
  <testcase classname="com.dsportalapp.testcases.SignInPageTest" name="UserSignIn" time="8.406"/>
  <system-out/>
  <testcase classname="com.dsportalapp.testcases.SignInPageTest" name="SignInWithInvUsernmTest" time="8.196"/>
  <system-out/>
  <testcase classname="com.dsportalapp.testcases.SignInPageTest" name="SignInWithInvPasswdTest" time="9.918"/>
  <system-out/>
</testsuite> <!-- com.dsportalapp.testcases.SignInPageTest -->
