<?xml version="1.0" encoding="UTF-8"?>
<!-- Generated by org.testng.reporters.JUnitReportReporter -->
<testsuite hostname="DESKTOP-UBR0902" failures="0" tests="1" name="com.dsportal.qa.testcases.OverViewOfTreesPgTest" time="8.754" errors="0" timestamp="2022-06-08T12:22:44 CDT" skipped="0">
  <testcase classname="com.dsportal.qa.testcases.OverViewOfTreesPgTest" name="OverViewOfTreesEditorTest" time="8.754"/>
  <system-out/>
</testsuite> <!-- com.dsportal.qa.testcases.OverViewOfTreesPgTest -->
