<?xml version="1.0" encoding="UTF-8"?>
<!-- Generated by org.testng.reporters.JUnitReportReporter -->
<testsuite hostname="DESKTOP-UBR0902" failures="0" tests="14" name="com.dsportal.qa.testcases.TreePageTest" time="71.227" errors="0" timestamp="2022-06-08T12:22:44 CDT" skipped="0">
  <testcase classname="com.dsportal.qa.testcases.TreePageTest" name="OpenOverViewOfTreesTest" time="6.927"/>
  <system-out/>
  <testcase classname="com.dsportal.qa.testcases.TreePageTest" name="OpenBinTreeTraversalTest" time="5.155"/>
  <system-out/>
  <testcase classname="com.dsportal.qa.testcases.TreePageTest" name="OpenTypesOfTreesTest" time="4.739"/>
  <system-out/>
  <testcase classname="com.dsportal.qa.testcases.TreePageTest" name="OpenTreeTraversalsTest" time="5.076"/>
  <system-out/>
  <testcase classname="com.dsportal.qa.testcases.TreePageTest" name="OpenTraversalIllustrationTest" time="5.058"/>
  <system-out/>
  <testcase classname="com.dsportal.qa.testcases.TreePageTest" name="ValidationOfTreePgTest" time="4.605"/>
  <system-out/>
  <testcase classname="com.dsportal.qa.testcases.TreePageTest" name="OpenImplmInPythonTest" time="4.945"/>
  <system-out/>
  <testcase classname="com.dsportal.qa.testcases.TreePageTest" name="OpenBinaryTreesTest" time="5.081"/>
  <system-out/>
  <testcase classname="com.dsportal.qa.testcases.TreePageTest" name="OpenImplmOfBSTTest" time="5.220"/>
  <system-out/>
  <testcase classname="com.dsportal.qa.testcases.TreePageTest" name="OpenTerminologiesPgTest" time="4.799"/>
  <system-out/>
  <testcase classname="com.dsportal.qa.testcases.TreePageTest" name="OpenAppOfBinTreesTest" time="4.779"/>
  <system-out/>
  <testcase classname="com.dsportal.qa.testcases.TreePageTest" name="OpenTypesOfBinTreesTest" time="4.599"/>
  <system-out/>
  <testcase classname="com.dsportal.qa.testcases.TreePageTest" name="OpenBinSearchTreesTest" time="5.475"/>
  <system-out/>
  <testcase classname="com.dsportal.qa.testcases.TreePageTest" name="OpenImplmOfBinTreesTest" time="4.769"/>
  <system-out/>
</testsuite> <!-- com.dsportal.qa.testcases.TreePageTest -->
