<?xml version="1.0" encoding="UTF-8"?>
<!-- Generated by org.testng.reporters.JUnitReportReporter -->
<testsuite hostname="DESKTOP-UBR0902" failures="0" tests="2" name="com.dsportalapp.testcases.GetStartedPageTest" time="14.035" errors="0" timestamp="2022-05-22T14:38:54 CDT" skipped="0">
  <testcase classname="com.dsportalapp.testcases.GetStartedPageTest" name="titlevalidation" time="7.188"/>
  <system-out/>
  <testcase classname="com.dsportalapp.testcases.GetStartedPageTest" name="LandonHomePage" time="6.847"/>
  <system-out/>
</testsuite> <!-- com.dsportalapp.testcases.GetStartedPageTest -->
