<?xml version="1.0" encoding="UTF-8"?>
<!-- Generated by org.testng.reporters.JUnitReportReporter -->
<testsuite hostname="DESKTOP-UBR0902" failures="0" tests="2" name="com.dsportalapp.testcases.ImplimentationOfQueuePgTest" time="28.510" errors="0" timestamp="2022-05-22T16:15:49 CDT" skipped="0">
  <testcase classname="com.dsportalapp.testcases.ImplimentationOfQueuePgTest" name="ValidationOfImplOfQueuePgTest" time="10.802"/>
  <system-out/>
  <testcase classname="com.dsportalapp.testcases.ImplimentationOfQueuePgTest" name="OpenImplOfQueueEditorTest" time="17.708"/>
  <system-out/>
</testsuite> <!-- com.dsportalapp.testcases.ImplimentationOfQueuePgTest -->
