<?xml version="1.0" encoding="UTF-8"?>
<!-- Generated by org.testng.reporters.JUnitReportReporter -->
<testsuite hostname="DESKTOP-UBR0902" failures="0" tests="1" name="com.dsportalapp.testcases.ImplQueEditorPgTest" time="0.016" errors="0" timestamp="2022-05-22T12:39:14 CDT" skipped="0">
  <testcase classname="com.dsportalapp.testcases.ImplQueEditorPgTest" name="ValidateImplQueEditorPgTest" time="0.016"/>
  <system-out/>
</testsuite> <!-- com.dsportalapp.testcases.ImplQueEditorPgTest -->
