<?xml version="1.0" encoding="UTF-8"?>
<!-- Generated by org.testng.reporters.JUnitReportReporter -->
<testsuite hostname="DESKTOP-UBR0902" failures="0" tests="2" name="com.dsportal.qa.testcases.ImplQueEditorPgTest" time="2.295" errors="0" timestamp="2022-05-28T19:17:26 CDT" skipped="0">
  <testcase classname="com.dsportal.qa.testcases.ImplQueEditorPgTest" name="ValidateImplQueEditorPgTest" time="0.023"/>
  <system-out/>
  <testcase classname="com.dsportal.qa.testcases.ImplQueEditorPgTest" name="ImplQueEditorTryTest" time="2.272"/>
  <system-out/>
</testsuite> <!-- com.dsportal.qa.testcases.ImplQueEditorPgTest -->
